c:\users\svetlin.mladenov\source\repos\consoleapplication2\consoleapplication2\debug\vc142.pdb
c:\users\svetlin.mladenov\source\repos\consoleapplication2\consoleapplication2\debug\vc142.idb
c:\users\svetlin.mladenov\source\repos\consoleapplication2\consoleapplication2\debug\prog.obj
c:\users\svetlin.mladenov\source\repos\consoleapplication2\consoleapplication2\debug\consoleapplication2.obj
d:\nbu\c-exam\consoleapplication2\consoleapplication2\debug\vc142.pdb
d:\nbu\c-exam\consoleapplication2\consoleapplication2\debug\vc142.idb
d:\nbu\c-exam\consoleapplication2\consoleapplication2\debug\prog.obj
d:\nbu\c-exam\consoleapplication2\consoleapplication2\debug\consoleapplication2.obj
c:\users\svetlin.mladenov\source\repos\consoleapplication2\debug\consoleapplication2.exe
c:\users\svetlin.mladenov\source\repos\consoleapplication2\debug\consoleapplication2.ilk
c:\users\svetlin.mladenov\source\repos\consoleapplication2\debug\consoleapplication2.pdb
d:\nbu\c-exam\consoleapplication2\debug\consoleapplication2.exe
d:\nbu\c-exam\consoleapplication2\debug\consoleapplication2.ilk
d:\nbu\c-exam\consoleapplication2\debug\consoleapplication2.pdb
d:\nbu\c-exam\consoleapplication2\consoleapplication2\debug\consolea.d5abcd65.tlog\cl.command.1.tlog
d:\nbu\c-exam\consoleapplication2\consoleapplication2\debug\consolea.d5abcd65.tlog\cl.read.1.tlog
d:\nbu\c-exam\consoleapplication2\consoleapplication2\debug\consolea.d5abcd65.tlog\cl.write.1.tlog
d:\nbu\c-exam\consoleapplication2\consoleapplication2\debug\consolea.d5abcd65.tlog\link.command.1.tlog
d:\nbu\c-exam\consoleapplication2\consoleapplication2\debug\consolea.d5abcd65.tlog\link.read.1.tlog
d:\nbu\c-exam\consoleapplication2\consoleapplication2\debug\consolea.d5abcd65.tlog\link.write.1.tlog
